TN:
SF:/Users/kames/workspace/soulcialites/web3-citizen/contracts/core-sol/contracts/CitizenAlpha.sol
FN:86,constructor
FN:98,getMetadata
FN:106,getNation
FN:114,getNotary
FN:123,tokenURI
FN:138,getAvatar
FN:147,getId
FN:157,getImage
FN:166,getLink
FN:175,hasRole
FN:184,isCitizen
FN:192,totalCitizens
FN:200,issue
FN:211,revoke
FN:221,setURISplitter
FN:229,setMetadata
FN:238,setNation
FN:247,setNotary
FN:255,transferFrom
FN:263,supportsInterface
FN:277,_isCitizen
FN:285,_isPreviouslyIssued
FN:289,_revoke
FN:295,_issue
FNF:24
FNH:12
FNDA:123,constructor
FNDA:0,getMetadata
FNDA:0,getNation
FNDA:0,getNotary
FNDA:0,tokenURI
FNDA:0,getAvatar
FNDA:2,getId
FNDA:0,getImage
FNDA:2,getLink
FNDA:0,hasRole
FNDA:5,isCitizen
FNDA:0,totalCitizens
FNDA:17,issue
FNDA:6,revoke
FNDA:0,setURISplitter
FNDA:0,setMetadata
FNDA:0,setNation
FNDA:41,setNotary
FNDA:1,transferFrom
FNDA:0,supportsInterface
FNDA:23,_isCitizen
FNDA:15,_isPreviouslyIssued
FNDA:4,_revoke
FNDA:14,_issue
DA:87,123
DA:99,0
DA:107,0
DA:115,0
DA:124,0
DA:125,0
DA:126,0
DA:128,0
DA:139,0
DA:148,2
DA:149,1
DA:158,0
DA:167,2
DA:176,0
DA:185,5
DA:193,0
DA:201,17
DA:202,16
DA:203,15
DA:204,14
DA:212,6
DA:213,5
DA:214,4
DA:222,0
DA:230,0
DA:231,0
DA:239,0
DA:240,0
DA:248,41
DA:249,41
DA:260,1
DA:270,0
DA:278,23
DA:286,15
DA:290,4
DA:291,4
DA:292,4
DA:296,14
DA:297,14
DA:298,14
DA:299,14
DA:300,14
LF:42
LH:25
BRDA:125,1,0,0
BRDA:125,1,1,0
BRDA:148,2,0,1
BRDA:148,2,1,1
BRDA:201,3,0,16
BRDA:201,3,1,1
BRDA:202,4,0,15
BRDA:202,4,1,1
BRDA:203,5,0,14
BRDA:203,5,1,1
BRDA:212,6,0,5
BRDA:212,6,1,1
BRDA:213,7,0,4
BRDA:213,7,1,1
BRF:14
BRH:12
end_of_record
TN:
SF:/Users/kames/workspace/soulcialites/web3-citizen/contracts/core-sol/contracts/interfaces/ENS/ENS.sol
FNF:0
FNH:0
LF:0
LH:0
BRF:0
BRH:0
end_of_record
TN:
SF:/Users/kames/workspace/soulcialites/web3-citizen/contracts/core-sol/contracts/interfaces/ENS/IDefaultReverseResolver.sol
FNF:0
FNH:0
LF:0
LH:0
BRF:0
BRH:0
end_of_record
TN:
SF:/Users/kames/workspace/soulcialites/web3-citizen/contracts/core-sol/contracts/interfaces/ENS/IReverseRegistrar.sol
FNF:0
FNH:0
LF:0
LH:0
BRF:0
BRH:0
end_of_record
TN:
SF:/Users/kames/workspace/soulcialites/web3-citizen/contracts/core-sol/contracts/interfaces/ENS/ITextResolver.sol
FNF:0
FNH:0
LF:0
LH:0
BRF:0
BRH:0
end_of_record
TN:
SF:/Users/kames/workspace/soulcialites/web3-citizen/contracts/core-sol/contracts/interfaces/ICitizenAlpha.sol
FNF:0
FNH:0
LF:0
LH:0
BRF:0
BRH:0
end_of_record
TN:
SF:/Users/kames/workspace/soulcialites/web3-citizen/contracts/core-sol/contracts/interfaces/ISource.sol
FNF:0
FNH:0
LF:0
LH:0
BRF:0
BRH:0
end_of_record
TN:
SF:/Users/kames/workspace/soulcialites/web3-citizen/contracts/core-sol/contracts/Metadata.sol
FN:48,constructor
FN:60,getToken
FN:68,getSVGRender
FN:72,getSourceData
FN:80,getSourcesData
FN:89,tokenURI
FN:98,tokenURIMinimal
FN:107,getMetadata
FN:116,getAvatar
FN:129,getImage
FN:140,appendSource
FN:149,updateSource
FN:158,setToken
FN:166,setSVGRender
FN:174,_constructTokenURI
FN:208,_constructTokenURIMinimal
FN:248,_constructMetadata
FN:277,_getExternalMetadata
FN:301,_getExternalAvatar
FN:313,_getUnwrappedTraits
FN:318,_getSourceData
FN:339,_getSourcesData
FN:367,_appendTrait
FN:375,_generateTrait
FN:383,_generateTraits
FN:397,_generateAvatar
FN:414,_generateImage
FNF:27
FNH:1
FNDA:48,constructor
FNDA:0,getToken
FNDA:0,getSVGRender
FNDA:0,getSourceData
FNDA:0,getSourcesData
FNDA:0,tokenURI
FNDA:0,tokenURIMinimal
FNDA:0,getMetadata
FNDA:0,getAvatar
FNDA:0,getImage
FNDA:0,appendSource
FNDA:0,updateSource
FNDA:0,setToken
FNDA:0,setSVGRender
FNDA:0,_constructTokenURI
FNDA:0,_constructTokenURIMinimal
FNDA:0,_constructMetadata
FNDA:0,_getExternalMetadata
FNDA:0,_getExternalAvatar
FNDA:0,_getUnwrappedTraits
FNDA:0,_getSourceData
FNDA:0,_getSourcesData
FNDA:0,_appendTrait
FNDA:0,_generateTrait
FNDA:0,_generateTraits
FNDA:0,_generateAvatar
FNDA:0,_generateImage
DA:49,48
DA:61,0
DA:69,0
DA:77,0
DA:81,0
DA:90,0
DA:99,0
DA:108,0
DA:117,0
DA:118,0
DA:119,0
DA:120,0
DA:121,0
DA:130,0
DA:131,0
DA:132,0
DA:133,0
DA:141,0
DA:150,0
DA:151,0
DA:159,0
DA:167,0
DA:175,0
DA:176,0
DA:178,0
DA:209,0
DA:210,0
DA:211,0
DA:212,0
DA:213,0
DA:216,0
DA:217,0
DA:218,0
DA:253,0
DA:254,0
DA:255,0
DA:258,0
DA:260,0
DA:274,0
DA:283,0
DA:284,0
DA:285,0
DA:286,0
DA:287,0
DA:288,0
DA:307,0
DA:308,0
DA:309,0
DA:310,0
DA:314,0
DA:315,0
DA:323,0
DA:324,0
DA:326,0
DA:327,0
DA:329,0
DA:331,0
DA:332,0
DA:333,0
DA:336,0
DA:340,0
DA:341,0
DA:342,0
DA:343,0
DA:344,0
DA:347,0
DA:348,0
DA:350,0
DA:351,0
DA:352,0
DA:353,0
DA:354,0
DA:355,0
DA:356,0
DA:360,0
DA:372,0
DA:380,0
DA:388,0
DA:389,0
DA:390,0
DA:391,0
DA:394,0
DA:402,0
DA:403,0
DA:411,0
DA:419,0
LF:86
LH:1
BRDA:150,1,0,0
BRDA:150,1,1,0
BRDA:390,2,0,0
BRDA:390,2,1,0
BRDA:402,3,0,0
BRDA:402,3,1,0
BRF:6
BRH:0
end_of_record
TN:
SF:/Users/kames/workspace/soulcialites/web3-citizen/contracts/core-sol/contracts/Nation/Nation.sol
FN:32,constructor
FN:48,_onlyAdmin
FN:63,_onlyGovernance
FN:80,getCitizenAlpha
FN:89,hasRole
FN:107,isFounder
FN:116,isGovernance
FN:124,roleStatus
FN:137,grantRole
FN:152,revokeRole
FN:163,enableRole
FN:174,enableRoleWithAdmin
FN:184,disableRole
FN:195,setRoleAdmin
FNF:14
FNH:10
FNDA:60,constructor
FNDA:13,_onlyAdmin
FNDA:6,_onlyGovernance
FNDA:0,getCitizenAlpha
FNDA:179,hasRole
FNDA:0,isFounder
FNDA:0,isGovernance
FNDA:4,roleStatus
FNDA:9,grantRole
FNDA:1,revokeRole
FNDA:2,enableRole
FNDA:3,enableRoleWithAdmin
FNDA:2,disableRole
FNDA:0,setRoleAdmin
DA:33,60
DA:34,60
DA:35,60
DA:36,60
DA:37,60
DA:38,60
DA:39,60
DA:41,60
DA:49,13
DA:50,13
DA:56,10
DA:64,6
DA:65,6
DA:69,5
DA:81,0
DA:96,179
DA:97,1
DA:99,178
DA:108,0
DA:117,0
DA:125,4
DA:139,9
DA:140,9
DA:154,1
DA:155,1
DA:156,1
DA:164,2
DA:165,2
DA:166,2
DA:175,3
DA:176,3
DA:177,3
DA:185,2
DA:186,2
DA:187,2
DA:196,0
LF:36
LH:32
BRDA:50,1,0,10
BRDA:50,1,1,3
BRDA:65,2,0,5
BRDA:65,2,1,1
BRDA:96,3,0,1
BRDA:96,3,1,178
BRDA:139,4,0,9
BRDA:139,4,1,0
BRDA:154,5,0,1
BRDA:154,5,1,0
BRDA:155,6,0,1
BRDA:155,6,1,0
BRDA:164,7,0,2
BRDA:164,7,1,0
BRDA:175,8,0,3
BRDA:175,8,1,0
BRDA:185,9,0,2
BRDA:185,9,1,0
BRF:18
BRH:12
end_of_record
TN:
SF:/Users/kames/workspace/soulcialites/web3-citizen/contracts/core-sol/contracts/Notary/Notary.sol
FN:25,constructor
FN:38,getCitizenAlpha
FN:46,issue
FN:55,issueBatch
FN:66,revoke
FN:75,revokeBatch
FN:86,_issue
FN:90,_revoke
FNF:8
FNH:5
FNDA:15,constructor
FNDA:0,getCitizenAlpha
FNDA:4,issue
FNDA:0,issueBatch
FNDA:2,revoke
FNDA:0,revokeBatch
FNDA:3,_issue
FNDA:1,_revoke
DA:26,15
DA:27,15
DA:28,15
DA:29,15
DA:31,15
DA:39,0
DA:47,4
DA:48,3
DA:56,0
DA:57,0
DA:58,0
DA:67,2
DA:68,1
DA:76,0
DA:77,0
DA:78,0
DA:87,3
DA:91,1
LF:18
LH:11
BRDA:47,1,0,3
BRDA:47,1,1,1
BRDA:56,2,0,0
BRDA:56,2,1,0
BRDA:67,3,0,1
BRDA:67,3,1,1
BRDA:76,4,0,0
BRDA:76,4,1,0
BRF:8
BRH:4
end_of_record
TN:
SF:/Users/kames/workspace/soulcialites/web3-citizen/contracts/core-sol/contracts/Notary/NotaryServiceDelegatable.sol
FN:16,constructor
FN:24,getNotary
FN:33,issue
FNF:3
FNH:0
FNDA:0,constructor
FNDA:0,getNotary
FNDA:0,issue
DA:17,0
DA:25,0
DA:34,0
DA:35,0
LF:4
LH:0
BRDA:34,1,0,0
BRDA:34,1,1,0
BRF:2
BRH:0
end_of_record
TN:
SF:/Users/kames/workspace/soulcialites/web3-citizen/contracts/core-sol/contracts/Sources/SourceENS.sol
FN:19,constructor
FN:37,getKeys
FN:45,count
FN:57,getData
FN:67,getMetadata
FN:86,getValue
FN:95,appendKey
FN:104,updateKey
FN:112,_resolveOwner
FN:128,_fetchNodeTextFields
FNF:10
FNH:0
FNDA:0,constructor
FNDA:0,getKeys
FNDA:0,count
FNDA:0,getData
FNDA:0,getMetadata
FNDA:0,getValue
FNDA:0,appendKey
FNDA:0,updateKey
FNDA:0,_resolveOwner
FNDA:0,_fetchNodeTextFields
DA:20,0
DA:21,0
DA:22,0
DA:23,0
DA:24,0
DA:25,0
DA:26,0
DA:38,0
DA:46,0
DA:47,0
DA:48,0
DA:62,0
DA:63,0
DA:64,0
DA:76,0
DA:77,0
DA:87,0
DA:88,0
DA:96,0
DA:105,0
DA:121,0
DA:122,0
DA:123,0
DA:124,0
DA:125,0
DA:133,0
DA:134,0
DA:135,0
DA:136,0
DA:137,0
DA:139,0
LF:31
LH:0
BRF:0
BRH:0
end_of_record
TN:
SF:/Users/kames/workspace/soulcialites/web3-citizen/contracts/core-sol/contracts/SVGRender.sol
FN:15,constructor
FN:19,generate
FN:64,_getDefs
FNF:3
FNH:0
FNDA:0,constructor
FNDA:0,generate
FNDA:0,_getDefs
DA:16,0
DA:20,0
DA:22,0
DA:65,0
LF:4
LH:0
BRF:0
BRH:0
end_of_record
TN:
SF:/Users/kames/workspace/soulcialites/web3-citizen/contracts/core-sol/contracts/Trust/TrustResolver.sol
FN:27,constructor
FN:40,getCitizen
FN:51,getMetadata
FN:61,isMember
FN:65,getMember
FN:69,getMembers
FN:77,_isMember
FN:81,_getMember
FN:85,_getMembers
FNF:9
FNH:0
FNDA:0,constructor
FNDA:0,getCitizen
FNDA:0,getMetadata
FNDA:0,isMember
FNDA:0,getMember
FNDA:0,getMembers
FNDA:0,_isMember
FNDA:0,_getMember
FNDA:0,_getMembers
DA:32,0
DA:33,0
DA:34,0
DA:41,0
DA:42,0
DA:48,0
DA:52,0
DA:53,0
DA:58,0
DA:62,0
DA:66,0
DA:70,0
LF:12
LH:0
BRF:0
BRH:0
end_of_record
