{"contracts/CitizenAlpha.sol":{"l":{"87":123,"99":0,"107":0,"115":0,"124":0,"125":0,"126":0,"128":0,"139":0,"148":2,"149":1,"158":0,"167":2,"176":0,"185":5,"193":0,"201":17,"202":16,"203":15,"204":14,"212":6,"213":5,"214":4,"222":0,"230":0,"231":0,"239":0,"240":0,"248":41,"249":41,"260":1,"270":0,"278":23,"286":15,"290":4,"291":4,"292":4,"296":14,"297":14,"298":14,"299":14,"300":14},"path":"/Users/kames/workspace/soulcialites/web3-citizen/contracts/core-sol/contracts/CitizenAlpha.sol","s":{"1":123,"2":0,"3":0,"4":0,"5":0,"6":0,"7":0,"8":0,"9":0,"10":2,"11":1,"12":0,"13":2,"14":0,"15":5,"16":0,"17":17,"18":16,"19":15,"20":14,"21":6,"22":5,"23":4,"24":0,"25":0,"26":0,"27":0,"28":0,"29":41,"30":41,"31":1,"32":0,"33":23,"34":15,"35":4,"36":4,"37":4,"38":14,"39":14,"40":14,"41":14,"42":14},"b":{"1":[0,0],"2":[1,1],"3":[16,1],"4":[15,1],"5":[14,1],"6":[5,1],"7":[4,1]},"f":{"1":123,"2":0,"3":0,"4":0,"5":0,"6":0,"7":2,"8":0,"9":2,"10":0,"11":5,"12":0,"13":17,"14":6,"15":0,"16":0,"17":0,"18":41,"19":1,"20":0,"21":23,"22":15,"23":4,"24":14},"fnMap":{"1":{"name":"constructor","line":86,"loc":{"start":{"line":82,"column":2},"end":{"line":88,"column":2}}},"2":{"name":"getMetadata","line":98,"loc":{"start":{"line":98,"column":2},"end":{"line":100,"column":2}}},"3":{"name":"getNation","line":106,"loc":{"start":{"line":106,"column":2},"end":{"line":108,"column":2}}},"4":{"name":"getNotary","line":114,"loc":{"start":{"line":114,"column":2},"end":{"line":116,"column":2}}},"5":{"name":"tokenURI","line":123,"loc":{"start":{"line":123,"column":2},"end":{"line":131,"column":2}}},"6":{"name":"getAvatar","line":138,"loc":{"start":{"line":138,"column":2},"end":{"line":140,"column":2}}},"7":{"name":"getId","line":147,"loc":{"start":{"line":147,"column":2},"end":{"line":150,"column":2}}},"8":{"name":"getImage","line":157,"loc":{"start":{"line":157,"column":2},"end":{"line":159,"column":2}}},"9":{"name":"getLink","line":166,"loc":{"start":{"line":166,"column":2},"end":{"line":168,"column":2}}},"10":{"name":"hasRole","line":175,"loc":{"start":{"line":175,"column":2},"end":{"line":177,"column":2}}},"11":{"name":"isCitizen","line":184,"loc":{"start":{"line":184,"column":2},"end":{"line":186,"column":2}}},"12":{"name":"totalCitizens","line":192,"loc":{"start":{"line":192,"column":2},"end":{"line":194,"column":2}}},"13":{"name":"issue","line":200,"loc":{"start":{"line":200,"column":2},"end":{"line":205,"column":2}}},"14":{"name":"revoke","line":211,"loc":{"start":{"line":211,"column":2},"end":{"line":215,"column":2}}},"15":{"name":"setURISplitter","line":221,"loc":{"start":{"line":221,"column":2},"end":{"line":223,"column":2}}},"16":{"name":"setMetadata","line":229,"loc":{"start":{"line":229,"column":2},"end":{"line":232,"column":2}}},"17":{"name":"setNation","line":238,"loc":{"start":{"line":238,"column":2},"end":{"line":241,"column":2}}},"18":{"name":"setNotary","line":247,"loc":{"start":{"line":247,"column":2},"end":{"line":250,"column":2}}},"19":{"name":"transferFrom","line":255,"loc":{"start":{"line":255,"column":2},"end":{"line":261,"column":2}}},"20":{"name":"supportsInterface","line":263,"loc":{"start":{"line":263,"column":2},"end":{"line":271,"column":2}}},"21":{"name":"_isCitizen","line":277,"loc":{"start":{"line":277,"column":2},"end":{"line":279,"column":2}}},"22":{"name":"_isPreviouslyIssued","line":285,"loc":{"start":{"line":285,"column":2},"end":{"line":287,"column":2}}},"23":{"name":"_revoke","line":289,"loc":{"start":{"line":289,"column":2},"end":{"line":293,"column":2}}},"24":{"name":"_issue","line":295,"loc":{"start":{"line":295,"column":2},"end":{"line":301,"column":2}}}},"statementMap":{"1":{"start":{"line":87,"column":4},"end":{"line":87,"column":24}},"2":{"start":{"line":99,"column":4},"end":{"line":99,"column":20}},"3":{"start":{"line":107,"column":4},"end":{"line":107,"column":18}},"4":{"start":{"line":115,"column":4},"end":{"line":115,"column":18}},"5":{"start":{"line":124,"column":4},"end":{"line":124,"column":44}},"6":{"start":{"line":125,"column":4},"end":{"line":125,"column":3684}},"7":{"start":{"line":126,"column":6},"end":{"line":126,"column":40}},"8":{"start":{"line":128,"column":6},"end":{"line":128,"column":3860}},"9":{"start":{"line":139,"column":4},"end":{"line":139,"column":49}},"10":{"start":{"line":148,"column":4},"end":{"line":148,"column":66}},"11":{"start":{"line":149,"column":4},"end":{"line":149,"column":27}},"12":{"start":{"line":158,"column":4},"end":{"line":158,"column":48}},"13":{"start":{"line":167,"column":4},"end":{"line":167,"column":26}},"14":{"start":{"line":176,"column":4},"end":{"line":176,"column":49}},"15":{"start":{"line":185,"column":4},"end":{"line":185,"column":49}},"16":{"start":{"line":193,"column":4},"end":{"line":193,"column":21}},"17":{"start":{"line":201,"column":4},"end":{"line":201,"column":72}},"18":{"start":{"line":202,"column":4},"end":{"line":202,"column":54}},"19":{"start":{"line":203,"column":4},"end":{"line":203,"column":72}},"20":{"start":{"line":204,"column":4},"end":{"line":204,"column":19}},"21":{"start":{"line":212,"column":4},"end":{"line":212,"column":72}},"22":{"start":{"line":213,"column":4},"end":{"line":213,"column":56}},"23":{"start":{"line":214,"column":4},"end":{"line":214,"column":25}},"24":{"start":{"line":222,"column":4},"end":{"line":222,"column":24}},"25":{"start":{"line":230,"column":4},"end":{"line":230,"column":23}},"26":{"start":{"line":231,"column":4},"end":{"line":231,"column":30}},"27":{"start":{"line":239,"column":4},"end":{"line":239,"column":19}},"28":{"start":{"line":240,"column":4},"end":{"line":240,"column":26}},"29":{"start":{"line":248,"column":4},"end":{"line":248,"column":19}},"30":{"start":{"line":249,"column":4},"end":{"line":249,"column":26}},"31":{"start":{"line":260,"column":4},"end":{"line":260,"column":36}},"32":{"start":{"line":270,"column":4},"end":{"line":270,"column":47}},"33":{"start":{"line":278,"column":4},"end":{"line":278,"column":49}},"34":{"start":{"line":286,"column":4},"end":{"line":286,"column":47}},"35":{"start":{"line":290,"column":4},"end":{"line":290,"column":35}},"36":{"start":{"line":291,"column":4},"end":{"line":291,"column":17}},"37":{"start":{"line":292,"column":4},"end":{"line":292,"column":37}},"38":{"start":{"line":296,"column":4},"end":{"line":296,"column":38}},"39":{"start":{"line":297,"column":4},"end":{"line":297,"column":20}},"40":{"start":{"line":298,"column":4},"end":{"line":298,"column":28}},"41":{"start":{"line":299,"column":4},"end":{"line":299,"column":25}},"42":{"start":{"line":300,"column":4},"end":{"line":300,"column":38}}},"branchMap":{"1":{"line":125,"type":"if","locations":[{"start":{"line":125,"column":4},"end":{"line":125,"column":4}},{"start":{"line":125,"column":4},"end":{"line":125,"column":4}}]},"2":{"line":148,"type":"if","locations":[{"start":{"line":148,"column":4},"end":{"line":148,"column":4}},{"start":{"line":148,"column":4},"end":{"line":148,"column":4}}]},"3":{"line":201,"type":"if","locations":[{"start":{"line":201,"column":4},"end":{"line":201,"column":4}},{"start":{"line":201,"column":4},"end":{"line":201,"column":4}}]},"4":{"line":202,"type":"if","locations":[{"start":{"line":202,"column":4},"end":{"line":202,"column":4}},{"start":{"line":202,"column":4},"end":{"line":202,"column":4}}]},"5":{"line":203,"type":"if","locations":[{"start":{"line":203,"column":4},"end":{"line":203,"column":4}},{"start":{"line":203,"column":4},"end":{"line":203,"column":4}}]},"6":{"line":212,"type":"if","locations":[{"start":{"line":212,"column":4},"end":{"line":212,"column":4}},{"start":{"line":212,"column":4},"end":{"line":212,"column":4}}]},"7":{"line":213,"type":"if","locations":[{"start":{"line":213,"column":4},"end":{"line":213,"column":4}},{"start":{"line":213,"column":4},"end":{"line":213,"column":4}}]}}},"contracts/interfaces/ENS/ENS.sol":{"l":{},"path":"/Users/kames/workspace/soulcialites/web3-citizen/contracts/core-sol/contracts/interfaces/ENS/ENS.sol","s":{},"b":{},"f":{},"fnMap":{},"statementMap":{},"branchMap":{}},"contracts/interfaces/ENS/IDefaultReverseResolver.sol":{"l":{},"path":"/Users/kames/workspace/soulcialites/web3-citizen/contracts/core-sol/contracts/interfaces/ENS/IDefaultReverseResolver.sol","s":{},"b":{},"f":{},"fnMap":{},"statementMap":{},"branchMap":{}},"contracts/interfaces/ENS/IReverseRegistrar.sol":{"l":{},"path":"/Users/kames/workspace/soulcialites/web3-citizen/contracts/core-sol/contracts/interfaces/ENS/IReverseRegistrar.sol","s":{},"b":{},"f":{},"fnMap":{},"statementMap":{},"branchMap":{}},"contracts/interfaces/ENS/ITextResolver.sol":{"l":{},"path":"/Users/kames/workspace/soulcialites/web3-citizen/contracts/core-sol/contracts/interfaces/ENS/ITextResolver.sol","s":{},"b":{},"f":{},"fnMap":{},"statementMap":{},"branchMap":{}},"contracts/interfaces/ICitizenAlpha.sol":{"l":{},"path":"/Users/kames/workspace/soulcialites/web3-citizen/contracts/core-sol/contracts/interfaces/ICitizenAlpha.sol","s":{},"b":{},"f":{},"fnMap":{},"statementMap":{},"branchMap":{}},"contracts/interfaces/ISource.sol":{"l":{},"path":"/Users/kames/workspace/soulcialites/web3-citizen/contracts/core-sol/contracts/interfaces/ISource.sol","s":{},"b":{},"f":{},"fnMap":{},"statementMap":{},"branchMap":{}},"contracts/Metadata.sol":{"l":{"49":48,"61":0,"69":0,"77":0,"81":0,"90":0,"99":0,"108":0,"117":0,"118":0,"119":0,"120":0,"121":0,"130":0,"131":0,"132":0,"133":0,"141":0,"150":0,"151":0,"159":0,"167":0,"175":0,"176":0,"178":0,"209":0,"210":0,"211":0,"212":0,"213":0,"216":0,"217":0,"218":0,"253":0,"254":0,"255":0,"258":0,"260":0,"274":0,"283":0,"284":0,"285":0,"286":0,"287":0,"288":0,"307":0,"308":0,"309":0,"310":0,"314":0,"315":0,"323":0,"324":0,"326":0,"327":0,"329":0,"331":0,"332":0,"333":0,"336":0,"340":0,"341":0,"342":0,"343":0,"344":0,"347":0,"348":0,"350":0,"351":0,"352":0,"353":0,"354":0,"355":0,"356":0,"360":0,"372":0,"380":0,"388":0,"389":0,"390":0,"391":0,"394":0,"402":0,"403":0,"411":0,"419":0},"path":"/Users/kames/workspace/soulcialites/web3-citizen/contracts/core-sol/contracts/Metadata.sol","s":{"1":48,"2":0,"3":0,"4":0,"5":0,"6":0,"7":0,"8":0,"9":0,"10":0,"11":0,"12":0,"13":0,"14":0,"15":0,"16":0,"17":0,"18":0,"19":0,"20":0,"21":0,"22":0,"23":0,"24":0,"25":0,"26":0,"27":0,"28":0,"29":0,"30":0,"31":0,"32":0,"33":0,"34":0,"35":0,"36":0,"37":0,"38":0,"39":0,"40":0,"41":0,"42":0,"43":0,"44":0,"45":0,"46":0,"47":0,"48":0,"49":0,"50":0,"51":0,"52":0,"53":0,"54":0,"55":0,"56":0,"57":0,"58":0,"59":0,"60":0,"61":0,"62":0,"63":0,"64":0,"65":0,"66":0,"67":0,"68":0,"69":0,"70":0,"71":0,"72":0,"73":0,"74":0,"75":0,"76":0,"77":0,"78":0,"79":0,"80":0,"81":0,"82":0,"83":0,"84":0,"85":0,"86":0},"b":{"1":[0,0],"2":[0,0],"3":[0,0]},"f":{"1":48,"2":0,"3":0,"4":0,"5":0,"6":0,"7":0,"8":0,"9":0,"10":0,"11":0,"12":0,"13":0,"14":0,"15":0,"16":0,"17":0,"18":0,"19":0,"20":0,"21":0,"22":0,"23":0,"24":0,"25":0,"26":0,"27":0},"fnMap":{"1":{"name":"constructor","line":48,"loc":{"start":{"line":48,"column":2},"end":{"line":50,"column":2}}},"2":{"name":"getToken","line":60,"loc":{"start":{"line":60,"column":2},"end":{"line":62,"column":2}}},"3":{"name":"getSVGRender","line":68,"loc":{"start":{"line":68,"column":2},"end":{"line":70,"column":2}}},"4":{"name":"getSourceData","line":72,"loc":{"start":{"line":72,"column":2},"end":{"line":78,"column":2}}},"5":{"name":"getSourcesData","line":80,"loc":{"start":{"line":80,"column":2},"end":{"line":82,"column":2}}},"6":{"name":"tokenURI","line":89,"loc":{"start":{"line":89,"column":2},"end":{"line":91,"column":2}}},"7":{"name":"tokenURIMinimal","line":98,"loc":{"start":{"line":98,"column":2},"end":{"line":100,"column":2}}},"8":{"name":"getMetadata","line":107,"loc":{"start":{"line":107,"column":2},"end":{"line":109,"column":2}}},"9":{"name":"getAvatar","line":116,"loc":{"start":{"line":116,"column":2},"end":{"line":122,"column":2}}},"10":{"name":"getImage","line":129,"loc":{"start":{"line":129,"column":2},"end":{"line":134,"column":2}}},"11":{"name":"appendSource","line":140,"loc":{"start":{"line":140,"column":2},"end":{"line":142,"column":2}}},"12":{"name":"updateSource","line":149,"loc":{"start":{"line":149,"column":2},"end":{"line":152,"column":2}}},"13":{"name":"setToken","line":158,"loc":{"start":{"line":158,"column":2},"end":{"line":160,"column":2}}},"14":{"name":"setSVGRender","line":166,"loc":{"start":{"line":166,"column":2},"end":{"line":168,"column":2}}},"15":{"name":"_constructTokenURI","line":174,"loc":{"start":{"line":174,"column":2},"end":{"line":206,"column":2}}},"16":{"name":"_constructTokenURIMinimal","line":208,"loc":{"start":{"line":208,"column":2},"end":{"line":246,"column":2}}},"17":{"name":"_constructMetadata","line":248,"loc":{"start":{"line":248,"column":2},"end":{"line":275,"column":2}}},"18":{"name":"_getExternalMetadata","line":277,"loc":{"start":{"line":277,"column":2},"end":{"line":299,"column":2}}},"19":{"name":"_getExternalAvatar","line":301,"loc":{"start":{"line":301,"column":2},"end":{"line":311,"column":2}}},"20":{"name":"_getUnwrappedTraits","line":313,"loc":{"start":{"line":313,"column":2},"end":{"line":316,"column":2}}},"21":{"name":"_getSourceData","line":318,"loc":{"start":{"line":318,"column":2},"end":{"line":337,"column":2}}},"22":{"name":"_getSourcesData","line":339,"loc":{"start":{"line":339,"column":2},"end":{"line":361,"column":2}}},"23":{"name":"_appendTrait","line":367,"loc":{"start":{"line":367,"column":2},"end":{"line":373,"column":2}}},"24":{"name":"_generateTrait","line":375,"loc":{"start":{"line":375,"column":2},"end":{"line":381,"column":2}}},"25":{"name":"_generateTraits","line":383,"loc":{"start":{"line":383,"column":2},"end":{"line":395,"column":2}}},"26":{"name":"_generateAvatar","line":397,"loc":{"start":{"line":397,"column":2},"end":{"line":412,"column":2}}},"27":{"name":"_generateImage","line":414,"loc":{"start":{"line":414,"column":2},"end":{"line":426,"column":2}}}},"statementMap":{"1":{"start":{"line":49,"column":4},"end":{"line":49,"column":27}},"2":{"start":{"line":61,"column":4},"end":{"line":61,"column":17}},"3":{"start":{"line":69,"column":4},"end":{"line":69,"column":21}},"4":{"start":{"line":77,"column":4},"end":{"line":77,"column":36}},"5":{"start":{"line":81,"column":4},"end":{"line":81,"column":32}},"6":{"start":{"line":90,"column":4},"end":{"line":90,"column":38}},"7":{"start":{"line":99,"column":4},"end":{"line":99,"column":45}},"8":{"start":{"line":108,"column":4},"end":{"line":108,"column":69}},"9":{"start":{"line":117,"column":4},"end":{"line":117,"column":56}},"10":{"start":{"line":118,"column":4},"end":{"line":118,"column":51}},"11":{"start":{"line":119,"column":4},"end":{"line":119,"column":63}},"12":{"start":{"line":120,"column":4},"end":{"line":120,"column":65}},"13":{"start":{"line":121,"column":4},"end":{"line":121,"column":53}},"14":{"start":{"line":130,"column":4},"end":{"line":130,"column":56}},"15":{"start":{"line":131,"column":4},"end":{"line":131,"column":51}},"16":{"start":{"line":132,"column":4},"end":{"line":132,"column":63}},"17":{"start":{"line":133,"column":4},"end":{"line":133,"column":43}},"18":{"start":{"line":141,"column":4},"end":{"line":141,"column":24}},"19":{"start":{"line":150,"column":4},"end":{"line":150,"column":63}},"20":{"start":{"line":151,"column":4},"end":{"line":151,"column":25}},"21":{"start":{"line":159,"column":4},"end":{"line":159,"column":18}},"22":{"start":{"line":167,"column":4},"end":{"line":167,"column":26}},"23":{"start":{"line":175,"column":4},"end":{"line":175,"column":48}},"24":{"start":{"line":176,"column":4},"end":{"line":176,"column":82}},"25":{"start":{"line":178,"column":4},"end":{"line":178,"column":5197}},"26":{"start":{"line":209,"column":4},"end":{"line":209,"column":48}},"27":{"start":{"line":210,"column":4},"end":{"line":210,"column":45}},"28":{"start":{"line":211,"column":4},"end":{"line":211,"column":86}},"29":{"start":{"line":212,"column":4},"end":{"line":212,"column":84}},"30":{"start":{"line":213,"column":4},"end":{"line":213,"column":6264}},"31":{"start":{"line":216,"column":4},"end":{"line":216,"column":80}},"32":{"start":{"line":217,"column":4},"end":{"line":217,"column":57}},"33":{"start":{"line":218,"column":4},"end":{"line":218,"column":6527}},"34":{"start":{"line":253,"column":4},"end":{"line":253,"column":83}},"35":{"start":{"line":254,"column":4},"end":{"line":254,"column":83}},"36":{"start":{"line":255,"column":4},"end":{"line":255,"column":7558}},"37":{"start":{"line":258,"column":4},"end":{"line":258,"column":55}},"38":{"start":{"line":260,"column":4},"end":{"line":260,"column":7737}},"39":{"start":{"line":274,"column":4},"end":{"line":274,"column":16}},"40":{"start":{"line":283,"column":4},"end":{"line":283,"column":51}},"41":{"start":{"line":284,"column":4},"end":{"line":284,"column":59}},"42":{"start":{"line":285,"column":4},"end":{"line":285,"column":65}},"43":{"start":{"line":286,"column":4},"end":{"line":286,"column":92}},"44":{"start":{"line":287,"column":4},"end":{"line":287,"column":53}},"45":{"start":{"line":288,"column":4},"end":{"line":288,"column":8760}},"46":{"start":{"line":307,"column":4},"end":{"line":307,"column":51}},"47":{"start":{"line":308,"column":4},"end":{"line":308,"column":65}},"48":{"start":{"line":309,"column":4},"end":{"line":309,"column":63}},"49":{"start":{"line":310,"column":4},"end":{"line":310,"column":53}},"50":{"start":{"line":314,"column":4},"end":{"line":314,"column":76}},"51":{"start":{"line":315,"column":4},"end":{"line":315,"column":42}},"52":{"start":{"line":323,"column":4},"end":{"line":323,"column":53}},"53":{"start":{"line":324,"column":4},"end":{"line":324,"column":40}},"54":{"start":{"line":326,"column":4},"end":{"line":326,"column":47}},"55":{"start":{"line":327,"column":4},"end":{"line":327,"column":49}},"56":{"start":{"line":329,"column":4},"end":{"line":329,"column":79}},"57":{"start":{"line":331,"column":4},"end":{"line":331,"column":10220}},"58":{"start":{"line":332,"column":6},"end":{"line":332,"column":27}},"59":{"start":{"line":333,"column":6},"end":{"line":333,"column":29}},"60":{"start":{"line":336,"column":4},"end":{"line":336,"column":27}},"61":{"start":{"line":340,"column":4},"end":{"line":340,"column":21}},"62":{"start":{"line":341,"column":4},"end":{"line":341,"column":41}},"63":{"start":{"line":342,"column":4},"end":{"line":342,"column":10532}},"64":{"start":{"line":343,"column":6},"end":{"line":343,"column":45}},"65":{"start":{"line":344,"column":6},"end":{"line":344,"column":41}},"66":{"start":{"line":347,"column":4},"end":{"line":347,"column":47}},"67":{"start":{"line":348,"column":4},"end":{"line":348,"column":49}},"68":{"start":{"line":350,"column":4},"end":{"line":350,"column":19}},"69":{"start":{"line":351,"column":4},"end":{"line":351,"column":10805}},"70":{"start":{"line":352,"column":6},"end":{"line":352,"column":45}},"71":{"start":{"line":353,"column":6},"end":{"line":353,"column":81}},"72":{"start":{"line":354,"column":6},"end":{"line":354,"column":10992}},"73":{"start":{"line":355,"column":8},"end":{"line":355,"column":29}},"74":{"start":{"line":356,"column":8},"end":{"line":356,"column":31}},"75":{"start":{"line":360,"column":4},"end":{"line":360,"column":27}},"76":{"start":{"line":372,"column":4},"end":{"line":372,"column":88}},"77":{"start":{"line":380,"column":4},"end":{"line":380,"column":89}},"78":{"start":{"line":388,"column":4},"end":{"line":388,"column":30}},"79":{"start":{"line":389,"column":4},"end":{"line":389,"column":12060}},"80":{"start":{"line":390,"column":6},"end":{"line":390,"column":12113}},"81":{"start":{"line":391,"column":8},"end":{"line":391,"column":82}},"82":{"start":{"line":394,"column":4},"end":{"line":394,"column":18}},"83":{"start":{"line":402,"column":4},"end":{"line":402,"column":12420}},"84":{"start":{"line":403,"column":6},"end":{"line":403,"column":12465}},"85":{"start":{"line":411,"column":4},"end":{"line":411,"column":18}},"86":{"start":{"line":419,"column":4},"end":{"line":419,"column":12815}}},"branchMap":{"1":{"line":150,"type":"if","locations":[{"start":{"line":150,"column":4},"end":{"line":150,"column":4}},{"start":{"line":150,"column":4},"end":{"line":150,"column":4}}]},"2":{"line":390,"type":"if","locations":[{"start":{"line":390,"column":6},"end":{"line":390,"column":6}},{"start":{"line":390,"column":6},"end":{"line":390,"column":6}}]},"3":{"line":402,"type":"if","locations":[{"start":{"line":402,"column":4},"end":{"line":402,"column":4}},{"start":{"line":402,"column":4},"end":{"line":402,"column":4}}]}}},"contracts/Nation/Nation.sol":{"l":{"33":60,"34":60,"35":60,"36":60,"37":60,"38":60,"39":60,"41":60,"49":13,"50":13,"56":10,"64":6,"65":6,"69":5,"81":0,"96":179,"97":1,"99":178,"108":0,"117":0,"125":4,"139":9,"140":9,"154":1,"155":1,"156":1,"164":2,"165":2,"166":2,"175":3,"176":3,"177":3,"185":2,"186":2,"187":2,"196":0},"path":"/Users/kames/workspace/soulcialites/web3-citizen/contracts/core-sol/contracts/Nation/Nation.sol","s":{"1":60,"2":60,"3":60,"4":60,"5":60,"6":60,"7":60,"8":60,"9":13,"10":13,"11":6,"12":6,"13":0,"14":179,"15":1,"16":178,"17":0,"18":0,"19":4,"20":9,"21":9,"22":1,"23":1,"24":1,"25":2,"26":2,"27":2,"28":3,"29":3,"30":3,"31":2,"32":2,"33":2,"34":0},"b":{"1":[10,3],"2":[5,1],"3":[1,178],"4":[9,0],"5":[1,0],"6":[1,0],"7":[2,0],"8":[3,0],"9":[2,0]},"f":{"1":60,"2":13,"3":6,"4":0,"5":179,"6":0,"7":0,"8":4,"9":9,"10":1,"11":2,"12":3,"13":2,"14":0},"fnMap":{"1":{"name":"constructor","line":32,"loc":{"start":{"line":32,"column":2},"end":{"line":42,"column":2}}},"2":{"name":"_onlyAdmin","line":48,"loc":{"start":{"line":48,"column":2},"end":{"line":57,"column":2}}},"3":{"name":"_onlyGovernance","line":63,"loc":{"start":{"line":63,"column":2},"end":{"line":70,"column":2}}},"4":{"name":"getCitizenAlpha","line":80,"loc":{"start":{"line":80,"column":2},"end":{"line":82,"column":2}}},"5":{"name":"hasRole","line":89,"loc":{"start":{"line":89,"column":2},"end":{"line":100,"column":2}}},"6":{"name":"isFounder","line":107,"loc":{"start":{"line":107,"column":2},"end":{"line":109,"column":2}}},"7":{"name":"isGovernance","line":116,"loc":{"start":{"line":116,"column":2},"end":{"line":118,"column":2}}},"8":{"name":"roleStatus","line":124,"loc":{"start":{"line":124,"column":2},"end":{"line":126,"column":2}}},"9":{"name":"grantRole","line":137,"loc":{"start":{"line":133,"column":2},"end":{"line":141,"column":2}}},"10":{"name":"revokeRole","line":152,"loc":{"start":{"line":148,"column":2},"end":{"line":157,"column":2}}},"11":{"name":"enableRole","line":163,"loc":{"start":{"line":163,"column":2},"end":{"line":167,"column":2}}},"12":{"name":"enableRoleWithAdmin","line":174,"loc":{"start":{"line":174,"column":2},"end":{"line":178,"column":2}}},"13":{"name":"disableRole","line":184,"loc":{"start":{"line":184,"column":2},"end":{"line":188,"column":2}}},"14":{"name":"setRoleAdmin","line":195,"loc":{"start":{"line":195,"column":2},"end":{"line":197,"column":2}}}},"statementMap":{"1":{"start":{"line":33,"column":4},"end":{"line":33,"column":33}},"2":{"start":{"line":34,"column":4},"end":{"line":34,"column":30}},"3":{"start":{"line":35,"column":4},"end":{"line":35,"column":33}},"4":{"start":{"line":36,"column":4},"end":{"line":36,"column":41}},"5":{"start":{"line":37,"column":4},"end":{"line":37,"column":1220}},"6":{"start":{"line":38,"column":6},"end":{"line":38,"column":38}},"7":{"start":{"line":39,"column":6},"end":{"line":39,"column":49}},"8":{"start":{"line":41,"column":4},"end":{"line":41,"column":45}},"9":{"start":{"line":49,"column":4},"end":{"line":49,"column":34}},"10":{"start":{"line":50,"column":4},"end":{"line":50,"column":1564}},"11":{"start":{"line":64,"column":4},"end":{"line":64,"column":34}},"12":{"start":{"line":65,"column":4},"end":{"line":65,"column":1905}},"13":{"start":{"line":81,"column":4},"end":{"line":81,"column":24}},"14":{"start":{"line":96,"column":4},"end":{"line":96,"column":2830}},"15":{"start":{"line":97,"column":6},"end":{"line":97,"column":18}},"16":{"start":{"line":99,"column":4},"end":{"line":99,"column":39}},"17":{"start":{"line":108,"column":4},"end":{"line":108,"column":36}},"18":{"start":{"line":117,"column":4},"end":{"line":117,"column":38}},"19":{"start":{"line":125,"column":4},"end":{"line":125,"column":28}},"20":{"start":{"line":139,"column":4},"end":{"line":139,"column":53}},"21":{"start":{"line":140,"column":4},"end":{"line":140,"column":28}},"22":{"start":{"line":154,"column":4},"end":{"line":154,"column":64}},"23":{"start":{"line":155,"column":4},"end":{"line":155,"column":53}},"24":{"start":{"line":156,"column":4},"end":{"line":156,"column":29}},"25":{"start":{"line":164,"column":4},"end":{"line":164,"column":61}},"26":{"start":{"line":165,"column":4},"end":{"line":165,"column":31}},"27":{"start":{"line":166,"column":4},"end":{"line":166,"column":27}},"28":{"start":{"line":175,"column":4},"end":{"line":175,"column":61}},"29":{"start":{"line":176,"column":4},"end":{"line":176,"column":33}},"30":{"start":{"line":177,"column":4},"end":{"line":177,"column":27}},"31":{"start":{"line":185,"column":4},"end":{"line":185,"column":61}},"32":{"start":{"line":186,"column":4},"end":{"line":186,"column":42}},"33":{"start":{"line":187,"column":4},"end":{"line":187,"column":28}},"34":{"start":{"line":196,"column":4},"end":{"line":196,"column":33}}},"branchMap":{"1":{"line":50,"type":"if","locations":[{"start":{"line":50,"column":4},"end":{"line":50,"column":4}},{"start":{"line":50,"column":4},"end":{"line":50,"column":4}}]},"2":{"line":65,"type":"if","locations":[{"start":{"line":65,"column":4},"end":{"line":65,"column":4}},{"start":{"line":65,"column":4},"end":{"line":65,"column":4}}]},"3":{"line":96,"type":"if","locations":[{"start":{"line":96,"column":4},"end":{"line":96,"column":4}},{"start":{"line":96,"column":4},"end":{"line":96,"column":4}}]},"4":{"line":139,"type":"if","locations":[{"start":{"line":139,"column":4},"end":{"line":139,"column":4}},{"start":{"line":139,"column":4},"end":{"line":139,"column":4}}]},"5":{"line":154,"type":"if","locations":[{"start":{"line":154,"column":4},"end":{"line":154,"column":4}},{"start":{"line":154,"column":4},"end":{"line":154,"column":4}}]},"6":{"line":155,"type":"if","locations":[{"start":{"line":155,"column":4},"end":{"line":155,"column":4}},{"start":{"line":155,"column":4},"end":{"line":155,"column":4}}]},"7":{"line":164,"type":"if","locations":[{"start":{"line":164,"column":4},"end":{"line":164,"column":4}},{"start":{"line":164,"column":4},"end":{"line":164,"column":4}}]},"8":{"line":175,"type":"if","locations":[{"start":{"line":175,"column":4},"end":{"line":175,"column":4}},{"start":{"line":175,"column":4},"end":{"line":175,"column":4}}]},"9":{"line":185,"type":"if","locations":[{"start":{"line":185,"column":4},"end":{"line":185,"column":4}},{"start":{"line":185,"column":4},"end":{"line":185,"column":4}}]}}},"contracts/Notary/Notary.sol":{"l":{"26":15,"27":15,"28":15,"29":15,"31":15,"39":0,"47":4,"48":3,"56":0,"57":0,"58":0,"67":2,"68":1,"76":0,"77":0,"78":0,"87":3,"91":1},"path":"/Users/kames/workspace/soulcialites/web3-citizen/contracts/core-sol/contracts/Notary/Notary.sol","s":{"1":15,"2":15,"3":15,"4":15,"5":15,"6":0,"7":4,"8":3,"9":0,"10":0,"11":0,"12":2,"13":1,"14":0,"15":0,"16":0,"17":3,"18":1},"b":{"1":[3,1],"2":[0,0],"3":[1,1],"4":[0,0]},"f":{"1":15,"2":0,"3":4,"4":0,"5":2,"6":0,"7":3,"8":1},"fnMap":{"1":{"name":"constructor","line":25,"loc":{"start":{"line":25,"column":2},"end":{"line":32,"column":2}}},"2":{"name":"getCitizenAlpha","line":38,"loc":{"start":{"line":38,"column":2},"end":{"line":40,"column":2}}},"3":{"name":"issue","line":46,"loc":{"start":{"line":46,"column":2},"end":{"line":49,"column":2}}},"4":{"name":"issueBatch","line":55,"loc":{"start":{"line":55,"column":2},"end":{"line":60,"column":2}}},"5":{"name":"revoke","line":66,"loc":{"start":{"line":66,"column":2},"end":{"line":69,"column":2}}},"6":{"name":"revokeBatch","line":75,"loc":{"start":{"line":75,"column":2},"end":{"line":80,"column":2}}},"7":{"name":"_issue","line":86,"loc":{"start":{"line":86,"column":2},"end":{"line":88,"column":2}}},"8":{"name":"_revoke","line":90,"loc":{"start":{"line":90,"column":2},"end":{"line":92,"column":2}}}},"statementMap":{"1":{"start":{"line":26,"column":4},"end":{"line":26,"column":33}},"2":{"start":{"line":27,"column":4},"end":{"line":27,"column":823}},"3":{"start":{"line":28,"column":6},"end":{"line":28,"column":49}},"4":{"start":{"line":29,"column":6},"end":{"line":29,"column":37}},"5":{"start":{"line":31,"column":4},"end":{"line":31,"column":44}},"6":{"start":{"line":39,"column":4},"end":{"line":39,"column":24}},"7":{"start":{"line":47,"column":4},"end":{"line":47,"column":71}},"8":{"start":{"line":48,"column":4},"end":{"line":48,"column":27}},"9":{"start":{"line":56,"column":4},"end":{"line":56,"column":71}},"10":{"start":{"line":57,"column":4},"end":{"line":57,"column":1821}},"11":{"start":{"line":58,"column":6},"end":{"line":58,"column":32}},"12":{"start":{"line":67,"column":4},"end":{"line":67,"column":71}},"13":{"start":{"line":68,"column":4},"end":{"line":68,"column":30}},"14":{"start":{"line":76,"column":4},"end":{"line":76,"column":71}},"15":{"start":{"line":77,"column":4},"end":{"line":77,"column":2346}},"16":{"start":{"line":78,"column":6},"end":{"line":78,"column":35}},"17":{"start":{"line":87,"column":4},"end":{"line":87,"column":49}},"18":{"start":{"line":91,"column":4},"end":{"line":91,"column":52}}},"branchMap":{"1":{"line":47,"type":"if","locations":[{"start":{"line":47,"column":4},"end":{"line":47,"column":4}},{"start":{"line":47,"column":4},"end":{"line":47,"column":4}}]},"2":{"line":56,"type":"if","locations":[{"start":{"line":56,"column":4},"end":{"line":56,"column":4}},{"start":{"line":56,"column":4},"end":{"line":56,"column":4}}]},"3":{"line":67,"type":"if","locations":[{"start":{"line":67,"column":4},"end":{"line":67,"column":4}},{"start":{"line":67,"column":4},"end":{"line":67,"column":4}}]},"4":{"line":76,"type":"if","locations":[{"start":{"line":76,"column":4},"end":{"line":76,"column":4}},{"start":{"line":76,"column":4},"end":{"line":76,"column":4}}]}}},"contracts/Notary/NotaryServiceDelegatable.sol":{"l":{"17":0,"25":0,"34":0,"35":0},"path":"/Users/kames/workspace/soulcialites/web3-citizen/contracts/core-sol/contracts/Notary/NotaryServiceDelegatable.sol","s":{"1":0,"2":0,"3":0,"4":0},"b":{"1":[0,0]},"f":{"1":0,"2":0,"3":0},"fnMap":{"1":{"name":"constructor","line":16,"loc":{"start":{"line":16,"column":2},"end":{"line":18,"column":2}}},"2":{"name":"getNotary","line":24,"loc":{"start":{"line":24,"column":2},"end":{"line":26,"column":2}}},"3":{"name":"issue","line":33,"loc":{"start":{"line":33,"column":2},"end":{"line":36,"column":2}}}},"statementMap":{"1":{"start":{"line":17,"column":4},"end":{"line":17,"column":21}},"2":{"start":{"line":25,"column":4},"end":{"line":25,"column":18}},"3":{"start":{"line":34,"column":4},"end":{"line":34,"column":51}},"4":{"start":{"line":35,"column":4},"end":{"line":35,"column":36}}},"branchMap":{"1":{"line":34,"type":"if","locations":[{"start":{"line":34,"column":4},"end":{"line":34,"column":4}},{"start":{"line":34,"column":4},"end":{"line":34,"column":4}}]}}},"contracts/Sources/SourceENS.sol":{"l":{"20":0,"21":0,"22":0,"23":0,"24":0,"25":0,"26":0,"38":0,"46":0,"47":0,"48":0,"62":0,"63":0,"64":0,"76":0,"77":0,"87":0,"88":0,"96":0,"105":0,"121":0,"122":0,"123":0,"124":0,"125":0,"133":0,"134":0,"135":0,"136":0,"137":0,"139":0},"path":"/Users/kames/workspace/soulcialites/web3-citizen/contracts/core-sol/contracts/Sources/SourceENS.sol","s":{"1":0,"2":0,"3":0,"4":0,"5":0,"6":0,"7":0,"8":0,"9":0,"10":0,"11":0,"12":0,"13":0,"14":0,"15":0,"16":0,"17":0,"18":0,"19":0,"20":0,"21":0,"22":0,"23":0,"24":0,"25":0,"26":0,"27":0,"28":0,"29":0,"30":0,"31":0},"b":{},"f":{"1":0,"2":0,"3":0,"4":0,"5":0,"6":0,"7":0,"8":0,"9":0,"10":0},"fnMap":{"1":{"name":"constructor","line":19,"loc":{"start":{"line":19,"column":2},"end":{"line":27,"column":2}}},"2":{"name":"getKeys","line":37,"loc":{"start":{"line":37,"column":2},"end":{"line":39,"column":2}}},"3":{"name":"count","line":45,"loc":{"start":{"line":45,"column":2},"end":{"line":49,"column":2}}},"4":{"name":"getData","line":57,"loc":{"start":{"line":57,"column":2},"end":{"line":65,"column":2}}},"5":{"name":"getMetadata","line":67,"loc":{"start":{"line":67,"column":2},"end":{"line":78,"column":2}}},"6":{"name":"getValue","line":86,"loc":{"start":{"line":86,"column":2},"end":{"line":89,"column":2}}},"7":{"name":"appendKey","line":95,"loc":{"start":{"line":95,"column":2},"end":{"line":97,"column":2}}},"8":{"name":"updateKey","line":104,"loc":{"start":{"line":104,"column":2},"end":{"line":106,"column":2}}},"9":{"name":"_resolveOwner","line":112,"loc":{"start":{"line":112,"column":2},"end":{"line":126,"column":2}}},"10":{"name":"_fetchNodeTextFields","line":128,"loc":{"start":{"line":128,"column":2},"end":{"line":140,"column":2}}}},"statementMap":{"1":{"start":{"line":20,"column":4},"end":{"line":20,"column":23}},"2":{"start":{"line":21,"column":4},"end":{"line":21,"column":20}},"3":{"start":{"line":22,"column":4},"end":{"line":22,"column":28}},"4":{"start":{"line":23,"column":4},"end":{"line":23,"column":27}},"5":{"start":{"line":24,"column":4},"end":{"line":24,"column":28}},"6":{"start":{"line":25,"column":4},"end":{"line":25,"column":29}},"7":{"start":{"line":26,"column":4},"end":{"line":26,"column":20}},"8":{"start":{"line":38,"column":4},"end":{"line":38,"column":16}},"9":{"start":{"line":46,"column":4},"end":{"line":46,"column":63}},"10":{"start":{"line":47,"column":4},"end":{"line":47,"column":72}},"11":{"start":{"line":48,"column":4},"end":{"line":48,"column":23}},"12":{"start":{"line":62,"column":4},"end":{"line":62,"column":63}},"13":{"start":{"line":63,"column":4},"end":{"line":63,"column":95}},"14":{"start":{"line":64,"column":4},"end":{"line":64,"column":27}},"15":{"start":{"line":76,"column":4},"end":{"line":76,"column":88}},"16":{"start":{"line":77,"column":4},"end":{"line":77,"column":42}},"17":{"start":{"line":87,"column":4},"end":{"line":87,"column":63}},"18":{"start":{"line":88,"column":4},"end":{"line":88,"column":32}},"19":{"start":{"line":96,"column":4},"end":{"line":96,"column":18}},"20":{"start":{"line":105,"column":4},"end":{"line":105,"column":19}},"21":{"start":{"line":121,"column":4},"end":{"line":121,"column":69}},"22":{"start":{"line":122,"column":4},"end":{"line":122,"column":87}},"23":{"start":{"line":123,"column":4},"end":{"line":123,"column":45}},"24":{"start":{"line":124,"column":4},"end":{"line":124,"column":53}},"25":{"start":{"line":125,"column":4},"end":{"line":125,"column":36}},"26":{"start":{"line":133,"column":4},"end":{"line":133,"column":57}},"27":{"start":{"line":134,"column":4},"end":{"line":134,"column":59}},"28":{"start":{"line":135,"column":4},"end":{"line":135,"column":4273}},"29":{"start":{"line":136,"column":6},"end":{"line":136,"column":27}},"30":{"start":{"line":137,"column":6},"end":{"line":137,"column":52}},"31":{"start":{"line":139,"column":4},"end":{"line":139,"column":29}}},"branchMap":{}},"contracts/SVGRender.sol":{"l":{"16":0,"20":0,"22":0,"65":0},"path":"/Users/kames/workspace/soulcialites/web3-citizen/contracts/core-sol/contracts/SVGRender.sol","s":{"1":0,"2":0,"3":0,"4":0},"b":{},"f":{"1":0,"2":0,"3":0},"fnMap":{"1":{"name":"constructor","line":15,"loc":{"start":{"line":15,"column":2},"end":{"line":17,"column":2}}},"2":{"name":"generate","line":19,"loc":{"start":{"line":19,"column":2},"end":{"line":62,"column":2}}},"3":{"name":"_getDefs","line":64,"loc":{"start":{"line":64,"column":2},"end":{"line":87,"column":2}}}},"statementMap":{"1":{"start":{"line":16,"column":4},"end":{"line":16,"column":23}},"2":{"start":{"line":20,"column":4},"end":{"line":20,"column":57}},"3":{"start":{"line":22,"column":4},"end":{"line":22,"column":723}},"4":{"start":{"line":65,"column":4},"end":{"line":65,"column":1963}}},"branchMap":{}},"contracts/Trust/TrustResolver.sol":{"l":{"32":0,"33":0,"34":0,"41":0,"42":0,"48":0,"52":0,"53":0,"58":0,"62":0,"66":0,"70":0},"path":"/Users/kames/workspace/soulcialites/web3-citizen/contracts/core-sol/contracts/Trust/TrustResolver.sol","s":{"1":0,"2":0,"3":0,"4":0,"5":0,"6":0,"7":0,"8":0,"9":0,"10":0,"11":0,"12":0},"b":{},"f":{"1":0,"2":0,"3":0,"4":0,"5":0,"6":0,"7":0,"8":0,"9":0},"fnMap":{"1":{"name":"constructor","line":27,"loc":{"start":{"line":27,"column":2},"end":{"line":35,"column":2}}},"2":{"name":"getCitizen","line":40,"loc":{"start":{"line":40,"column":2},"end":{"line":49,"column":2}}},"3":{"name":"getMetadata","line":51,"loc":{"start":{"line":51,"column":2},"end":{"line":59,"column":2}}},"4":{"name":"isMember","line":61,"loc":{"start":{"line":61,"column":2},"end":{"line":63,"column":2}}},"5":{"name":"getMember","line":65,"loc":{"start":{"line":65,"column":2},"end":{"line":67,"column":2}}},"6":{"name":"getMembers","line":69,"loc":{"start":{"line":69,"column":2},"end":{"line":71,"column":2}}},"7":{"name":"_isMember","line":77,"loc":{"start":{"line":77,"column":2},"end":{"line":79,"column":2}}},"8":{"name":"_getMember","line":81,"loc":{"start":{"line":81,"column":2},"end":{"line":83,"column":2}}},"9":{"name":"_getMembers","line":85,"loc":{"start":{"line":85,"column":2},"end":{"line":87,"column":2}}}},"statementMap":{"1":{"start":{"line":32,"column":4},"end":{"line":32,"column":25}},"2":{"start":{"line":33,"column":4},"end":{"line":33,"column":21}},"3":{"start":{"line":34,"column":4},"end":{"line":34,"column":19}},"4":{"start":{"line":41,"column":4},"end":{"line":41,"column":74}},"5":{"start":{"line":42,"column":4},"end":{"line":42,"column":1256}},"6":{"start":{"line":48,"column":4},"end":{"line":48,"column":19}},"7":{"start":{"line":52,"column":4},"end":{"line":52,"column":74}},"8":{"start":{"line":53,"column":4},"end":{"line":53,"column":1622}},"9":{"start":{"line":58,"column":4},"end":{"line":58,"column":19}},"10":{"start":{"line":62,"column":4},"end":{"line":62,"column":33}},"11":{"start":{"line":66,"column":4},"end":{"line":66,"column":34}},"12":{"start":{"line":70,"column":4},"end":{"line":70,"column":29}}},"branchMap":{}}}